{
  "RSpec": {
    "coverage": {
      "C:/Code/Team 16/project/config/environment.rb": [
        null,
        1,
        null,
        null,
        1
      ],
      "C:/Code/Team 16/project/config/environments/test.rb": [
        1,
        null,
        null,
        null,
        null,
        null,
        null,
        1,
        null,
        null,
        null,
        null,
        1,
        null,
        null,
        1,
        1,
        null,
        null,
        null,
        null,
        1,
        1,
        null,
        null,
        1,
        null,
        null,
        1,
        1,
        null,
        null,
        null,
        null,
        1,
        null,
        null,
        1,
        null,
        null,
        null,
        null
      ],
      "C:/Code/Team 16/project/config/initializers/application_controller_renderer.rb": [
        null,
        null,
        null,
        null,
        null,
        null,
        null,
        null
      ],
      "C:/Code/Team 16/project/config/initializers/assets.rb": [
        null,
        null,
        null,
        1,
        null,
        null,
        null,
        null,
        1,
        null,
        null,
        null,
        null,
        null,
        1,
        1,
        1,
        null,
        null,
        1,
        1,
        1,
        1,
        1,
        null,
        null,
        1,
        1
      ],
      "C:/Code/Team 16/project/config/initializers/backtrace_silencers.rb": [
        null,
        null,
        null,
        null,
        null,
        null,
        null
      ],
      "C:/Code/Team 16/project/config/initializers/cookies_serializer.rb": [
        null,
        null,
        null,
        null,
        1
      ],
      "C:/Code/Team 16/project/config/initializers/filter_parameter_logging.rb": [
        null,
        null,
        null,
        1
      ],
      "C:/Code/Team 16/project/config/initializers/inflections.rb": [
        null,
        null,
        null,
        null,
        null,
        null,
        null,
        null,
        null,
        null,
        null,
        null,
        null,
        null,
        null,
        null
      ],
      "C:/Code/Team 16/project/config/initializers/mime_types.rb": [
        null,
        null,
        null,
        null
      ],
      "C:/Code/Team 16/project/config/initializers/wrap_parameters.rb": [
        null,
        null,
        null,
        null,
        null,
        null,
        1,
        0,
        null,
        null,
        null,
        null,
        null,
        null
      ],
      "C:/Code/Team 16/project/app/models/user.rb": [
        1,
        1,
        1,
        1,
        null,
        1,
        null
      ],
      "C:/Code/Team 16/project/app/models/application_record.rb": [
        1,
        1,
        null
      ],
      "C:/Code/Team 16/project/app/models/company.rb": [
        1,
        1,
        1,
        null,
        1,
        null
      ],
      "C:/Code/Team 16/project/app/models/activity.rb": [
        1,
        1,
        1,
        null,
        1,
        1,
        null
      ],
      "C:/Code/Team 16/project/config/routes.rb": [
        1,
        1,
        1,
        1,
        1,
        null,
        1,
        1,
        1,
        1,
        null,
        1,
        1,
        1,
        1,
        1,
        1,
        null,
        1,
        1,
        1,
        1,
        1,
        1,
        null,
        1,
        1,
        1,
        1,
        null
      ],
      "C:/Code/Team 16/project/test/models/activity_test.rb": [
        1,
        null,
        1,
        null,
        null,
        null,
        null
      ],
      "C:/Code/Team 16/project/test/models/company_test.rb": [
        1,
        null,
        1,
        null,
        null,
        null,
        null
      ],
      "C:/Code/Team 16/project/test/models/user_test.rb": [
        1,
        null,
        1,
        null,
        null,
        null,
        null
      ],
      "C:/Code/Team 16/project/test/user/user_creation_test.rb": [
        1,
        1,
        1,
        null,
        null,
        1,
        null,
        null,
        1,
        null,
        null,
        1,
        1,
        null,
        null,
        1,
        1,
        null,
        null,
        1,
        1,
        null,
        null,
        2,
        2,
        null,
        null,
        1,
        1,
        null,
        null,
        1,
        1,
        null,
        null,
        1,
        2,
        null,
        null,
        1,
        3,
        null,
        null
      ],
      "C:/Code/Team 16/project/test/user/user_delete_test.rb": [
        1,
        1,
        1,
        null,
        null,
        1,
        1,
        1,
        1,
        1,
        null,
        null,
        1,
        null,
        null,
        1,
        1,
        null,
        null,
        1,
        1,
        null,
        null,
        1,
        1,
        1,
        1,
        1,
        null,
        null,
        1,
        null,
        null,
        1,
        1,
        null,
        null,
        1,
        2,
        null,
        null
      ],
      "C:/Code/Team 16/project/test/user/user_research_test.rb": [
        1,
        1,
        1,
        null,
        null,
        1,
        1,
        null,
        null,
        1,
        null,
        null,
        1,
        1,
        1,
        null,
        null,
        1,
        1,
        null,
        null,
        1,
        1,
        1,
        1,
        null,
        1,
        null,
        null,
        1,
        1,
        null,
        null,
        1,
        1,
        null,
        null,
        1,
        1,
        1,
        null,
        null,
        2,
        null,
        null,
        1,
        3,
        null,
        null
      ],
      "C:/Code/Team 16/project/app/services/user_service.rb": [
        1,
        1,
        26,
        26,
        26,
        null,
        24,
        null,
        23,
        23,
        23,
        null,
        null,
        1,
        6,
        6,
        6,
        null,
        5,
        null,
        null,
        1,
        1,
        null,
        1,
        2,
        null,
        null,
        1,
        null,
        null,
        1,
        2,
        2,
        null,
        2,
        2,
        1,
        null,
        null
      ],
      "C:/Code/Team 16/project/app/services/base_service.rb": [
        1,
        1,
        233,
        66,
        null,
        null,
        null,
        1,
        0,
        0,
        null,
        null
      ],
      "C:/Code/Team 16/project/app/services/company_service.rb": [
        1,
        1,
        14,
        14,
        14,
        14,
        null,
        14,
        14,
        14,
        null,
        null,
        1,
        2,
        2,
        null,
        2,
        null,
        null,
        1,
        0,
        0,
        null,
        0,
        null,
        null,
        1,
        0,
        null,
        null,
        1,
        0,
        0,
        null,
        0,
        null,
        null,
        1,
        0,
        0,
        null,
        0,
        0,
        null,
        0,
        0,
        0,
        null,
        0,
        null,
        null,
        null,
        0,
        null,
        null
      ],
      "C:/Code/Team 16/project/app/services/activity_service.rb": [
        1,
        1,
        11,
        11,
        11,
        11,
        11,
        null,
        11,
        11,
        11,
        10,
        9,
        null,
        9,
        9,
        9,
        null,
        null,
        1,
        6,
        6,
        6,
        6,
        6,
        null,
        6,
        6,
        6,
        6,
        null,
        6,
        null,
        null,
        1,
        1,
        null,
        null,
        1,
        2,
        2,
        null,
        2,
        2,
        null,
        1,
        null,
        null,
        1,
        2,
        2,
        null,
        1,
        null,
        null,
        1,
        2,
        1,
        null,
        null
      ]
    },
    "timestamp": 1513614836
  }
}
